<?xml version="1.0" encoding="UTF-8"?>
<!-- Generated by org.testng.reporters.JUnitReportReporter -->
<testsuite hostname="DESKTOP-F7QOH3E" name="com.bnpp.test.scenario1.TC1" tests="1" failures="0" timestamp="4 Apr 2018 08:32:59 GMT" time="36.454" errors="0">
  <testcase name="runTC1" time="36.454" classname="com.bnpp.test.scenario1.TC1"/>
</testsuite> <!-- com.bnpp.test.scenario1.TC1 -->
