<?xml version="1.0" encoding="UTF-8"?>
<!-- Generated by org.testng.reporters.JUnitReportReporter -->
<testsuite hostname="DESKTOP-F7QOH3E" name="com.veskp.test.scenario2.TC4" tests="1" failures="0" timestamp="5 Apr 2018 07:50:41 GMT" time="46.554" errors="0">
  <testcase name="runTC4" time="46.554" classname="com.veskp.test.scenario2.TC4"/>
</testsuite> <!-- com.veskp.test.scenario2.TC4 -->
