<?xml version="1.0" encoding="UTF-8"?>
<!-- Generated by org.testng.reporters.JUnitReportReporter -->
<testsuite hostname="DESKTOP-F7QOH3E" name="com.bnpp.test.scenario2.TC4" tests="1" failures="0" timestamp="5 Apr 2018 07:20:34 GMT" time="39.271" errors="0">
  <testcase name="runTC4" time="39.271" classname="com.bnpp.test.scenario2.TC4"/>
</testsuite> <!-- com.bnpp.test.scenario2.TC4 -->
